生成启动时间为 2019/3/15 18:40:14。
     1>项目“C:\Users\cloud\Documents\Visual Studio 2013\Projects\appdiff\appdiff\appdiff.vcxproj”在节点 2 上(Build 个目标)。
     1>C:\Program Files (x86)\MSBuild\Microsoft.Cpp\v4.0\V120\Microsoft.CppBuild.targets(935,5): warning MSB8027: Two or more files with the name of bsdiff.cpp will produce outputs to the same location. This can lead to an incorrect build result.  The files involved are ..\..\..\..\..\..\..\迅雷下载\02_NDK_JNI\08_22_NDK\bsdiff4.3-win32-src\bsdiff.cpp, bsdiff.cpp.
     1>ClCompile:
         C:\Program Files (x86)\Microsoft Visual Studio 12.0\VC\bin\CL.exe /c /ZI /nologo /W3 /WX- /sdl- /Od /Oy- /D _MBCS /Gm /EHsc /RTC1 /MDd /GS /fp:precise /Zc:wchar_t /Zc:forScope /Fo"Debug\\" /Fd"Debug\vc120.pdb" /Gd /TP /analyze- /errorReport:prompt -D _CRT_SECURE_NO_WARNINGS -D _CRT_NONSTDC_NO_DEPRECATE bsdiff.cpp
         bsdiff.cpp
       Link:
         C:\Program Files (x86)\Microsoft Visual Studio 12.0\VC\bin\link.exe /ERRORREPORT:PROMPT /OUT:"C:\Users\cloud\Documents\Visual Studio 2013\Projects\appdiff\Debug\appdiff.exe" /INCREMENTAL /NOLOGO kernel32.lib user32.lib gdi32.lib winspool.lib comdlg32.lib advapi32.lib shell32.lib ole32.lib oleaut32.lib uuid.lib odbc32.lib odbccp32.lib /MANIFEST /MANIFESTUAC:"level='asInvoker' uiAccess='false'" /manifest:embed /DEBUG /PDB:"C:\Users\cloud\Documents\Visual Studio 2013\Projects\appdiff\Debug\appdiff.pdb" /TLBID:1 /DYNAMICBASE /NXCOMPAT /IMPLIB:"C:\Users\cloud\Documents\Visual Studio 2013\Projects\appdiff\Debug\appdiff.lib" /MACHINE:X86 Debug\bsdiff.obj
         Debug\blocksort.obj
         Debug\bsdiff.obj
         Debug\bzlib.obj
         Debug\compress.obj
         Debug\crctable.obj
         Debug\decompress.obj
         Debug\huffman.obj
         Debug\randtable.obj
     1>Debug\bsdiff.obj : warning LNK4042: 对象被多次指定；已忽略多余的指定
         appdiff.vcxproj -> C:\Users\cloud\Documents\Visual Studio 2013\Projects\appdiff\Debug\appdiff.exe
     1>已完成生成项目“C:\Users\cloud\Documents\Visual Studio 2013\Projects\appdiff\appdiff\appdiff.vcxproj”(Build 个目标)的操作。

生成成功。

已用时间 00:00:02.85
